<?xml version="1.0" encoding="UTF-8"?>
<!-- Generated by org.testng.reporters.JUnitReportReporter -->
<testsuite hostname="TL1086" failures="0" tests="1" name="runner.LoginRunner" time="12.135" errors="0" timestamp="2023-12-16T12:58:47 IST" skipped="0">
  <testcase classname="runner.LoginRunner" name="runScenario" time="12.135"/>
  <system-out/>
</testsuite> <!-- runner.LoginRunner -->
